
 Γ¢à∩╕Å wrangler 4.68.0
ΓöÇΓöÇΓöÇΓöÇΓöÇΓöÇΓöÇΓöÇΓöÇΓöÇΓöÇΓöÇΓöÇΓöÇΓöÇΓöÇΓöÇΓöÇΓöÇ
[custom build] Running: cargo build --release --target wasm32-unknown-unknown && wasm-bindgen --target bundler target/wasm32-unknown-unknown/release/huynhtu_backend.wasm --out-dir build/worker
[custom build]    Compiling proc-macro2 v1.0.106
[custom build]    Compiling unicode-ident v1.0.24
[custom build] 
[custom build]    Compiling quote v1.0.44
[custom build]    Compiling wasm-bindgen-shared v0.2.111
[custom build]    Compiling rustversion v1.0.22
[custom build]    Compiling bumpalo v3.20.2
[custom build]    Compiling cfg-if v1.0.4
[custom build]    Compiling stable_deref_trait v1.2.1
[custom build]    Compiling rand_core v0.6.4
[custom build]    Compiling siphasher v1.0.2
[custom build]    Compiling once_cell v1.21.3
[custom build]    Compiling smallvec v1.15.1
[custom build]    Compiling serde_core v1.0.228
[custom build]    Compiling serde v1.0.228
[custom build]    Compiling itoa v1.0.17
[custom build] 
[custom build]    Compiling litemap v0.8.1
[custom build] 
[custom build]    Compiling writeable v0.6.2
[custom build] 
[custom build]    Compiling rand v0.8.5
[custom build] 
[custom build]    Compiling phf_shared v0.11.3
[custom build] 
[custom build]    Compiling new_debug_unreachable v1.0.6
[custom build] 
[custom build]    Compiling parking_lot_core v0.9.12
[custom build] 
[custom build]    Compiling icu_properties_data v2.1.2
[custom build] 
[custom build]    Compiling
[custom build]  icu_normalizer_data v2.1.1
[custom build] 
[custom build]    Compiling scopeguard v1.2.0
[custom build] 
[custom build]    Compiling futures-core v0.3.32
[custom build] 
[custom build]    Compiling pin-project-lite v0.2.16
[custom build] 
[custom build]    Compiling memchr v2.8.0
[custom build] 
[custom build]    Compiling lock_api v0.4.14
[custom build] 
[custom build]    Compiling futures-task v0.3.32
[custom build] 
[custom build]    Compiling futures-io v0.3.32
[custom build] 
[custom build]    Compiling phf_generator v0.11.3
[custom build] 
[custom build]    Compiling slab v0.4.12
[custom build] 
[custom build]    Compiling mac v0.1.1
[custom build] 
[custom build]    Compiling precomputed-hash v0.1.1
[custom build] 
[custom build]    Compiling zerocopy v0.8.39
[custom build] 
[custom build]    Compiling futures-sink v0.3.32
[custom build] 
[custom build]    Compiling zmij v1.0.21
[custom build] 
[custom build]    Compiling phf_codegen v0.11.3
[custom build] 
[custom build]    Compiling autocfg v1.5.0
[custom build] 
[custom build]    Compiling futf v0.1.5
[custom build] 
[custom build]    Compiling parking_lot v0.12.5
[custom build] 
[custom build]    Compiling thiserror v1.0.69
[custom build] 
[custom build]    Compiling utf-8 v0.7.6
[custom build] 
[custom build]    Compiling serde_json v1.0.149
[custom build] 
[custom build]    Compiling percent-encoding v2.3.2
[custom build] 
[custom build]    Compiling log v0.4.29
[custom build] 
[custom build]    Compiling dtoa v1.0.11
[custom build] 
[custom build]    Compiling form_urlencoded v1.2.2
[custom build] 
[custom build]    Compiling futures-util v0.3.32
[custom build] 
[custom build]    Compiling tendril v0.4.3
[custom build] 
[custom build]    Compiling
[custom build]  selectors v0.26.0
[custom build] 
[custom build]    Compiling dtoa-short v0.3.5
[custom build] 
[custom build]    Compiling
[custom build]  byteorder v1.5.0
[custom build] 
[custom build]    Compiling wasm-bindgen v0.2.111
[custom build] 
[custom build]    Compiling bytes v1.11.1
[custom build] 
[custom build]    Compiling syn v2.0.117
[custom build] 
[custom build]    Compiling string_cache_codegen v0.5.4
[custom build] 
[custom build]    Compiling num-traits v0.2.19
[custom build] 
[custom build]    Compiling utf8_iter v1.0.4
[custom build] 
[custom build]    Compiling fxhash v0.2.1
[custom build] 
[custom build]    Compiling servo_arc v0.4.3
[custom build] 
[custom build]    Compiling bitflags v2.11.0
[custom build] 
[custom build]    Compiling unicode-width v0.2.2
[custom build] 
[custom build]    Compiling ryu v1.0.23
[custom build] 
[custom build]    Compiling futures-channel v0.3.32
[custom build] 
[custom build]    Compiling tokio v1.49.0
[custom build] 
[custom build]    Compiling ego-tree v0.10.0
[custom build] 
[custom build]    Compiling matchit v0.7.3
[custom build] 
[custom build]    Compiling getopts v0.2.24
[custom build] 
[custom build]    Compiling urlencoding v2.1.3
[custom build] 
[custom build]    Compiling http v1.4.0
[custom build] 
[custom build]    Compiling markup5ever v0.14.1
[custom build] 
[custom build]    Compiling http-body v1.0.1
[custom build] 
[custom build]    Compiling ppv-lite86 v0.2.21
[custom build] 
[custom build]    Compiling wasm-bindgen-macro-support v0.2.111
[custom build] 
[custom build]    Compiling synstructure v0.13.2
[custom build] 
[custom build]    Compiling zerofrom-derive v0.1.6
[custom build] 
[custom build]    Compiling yoke-derive v0.8.1
[custom build]    Compiling zerovec-derive v0.11.2
[custom build]    Compiling displaydoc v0.2.5
[custom build]    Compiling serde_derive v1.0.228
[custom build]    Compiling phf_macros v0.11.3
[custom build]    Compiling futures-macro v0.3.32
[custom build]    Compiling cssparser-macros v0.6.1
[custom build]    Compiling thiserror-impl v1.0.69
[custom build]    Compiling match_token v0.1.0
[custom build]    Compiling pin-project-internal v1.1.10
[custom build] 
[custom build]    Compiling derive_more v0.99.20
[custom build]    Compiling async-trait v0.1.89
[custom build] 
[custom build]    Compiling phf v0.11.3
[custom build] 
[custom build] error: failed to remove C:\Users\huyht\Downloads\huynhtu\backend_fresh\target_new\release\deps\displaydoc-e3d881c4dfdbb1ac.7un2sg58gl8sqeyapg5o1w7k1.rcgu.o: The process cannot access the file because it is being used by another process. (os error 32)
[custom build] 
[custom build] 
[custom build] error: could not compile `displaydoc` (lib) due to 1 previous error
[custom build] warning: build failed, waiting for other jobs to finish...
[custom build] 
[custom build] error: failed to remove C:\Users\huyht\Downloads\huynhtu\backend_fresh\target_new\release\deps\derive_more-5648aadca08235b0.derive_more.7158e85b79748fa0-cgu.0.rcgu.o: The process cannot access the file because it is being used by another process. (os error 32)
[custom build] 
[custom build] 
[custom build] error: could not compile `derive_more` (lib) due to 1 previous error
[custom build] 
X [ERROR] Error: Command failed with exit code 101: cargo build --release --target wasm32-unknown-unknown && wasm-bindgen --target bundler target/wasm32-unknown-unknown/release/huynhtu_backend.wasm --out-dir build/worker

     Compiling proc-macro2 v1.0.106
     Compiling unicode-ident v1.0.24
     Compiling quote v1.0.44
     Compiling wasm-bindgen-shared v0.2.111
     Compiling rustversion v1.0.22
     Compiling bumpalo v3.20.2
     Compiling cfg-if v1.0.4
     Compiling stable_deref_trait v1.2.1
     Compiling rand_core v0.6.4
     Compiling siphasher v1.0.2
     Compiling once_cell v1.21.3
     Compiling smallvec v1.15.1
     Compiling serde_core v1.0.228
     Compiling serde v1.0.228
     Compiling itoa v1.0.17
     Compiling litemap v0.8.1
     Compiling writeable v0.6.2
     Compiling rand v0.8.5
     Compiling phf_shared v0.11.3
     Compiling new_debug_unreachable v1.0.6
     Compiling parking_lot_core v0.9.12
     Compiling icu_properties_data v2.1.2
     Compiling icu_normalizer_data v2.1.1
     Compiling scopeguard v1.2.0
     Compiling futures-core v0.3.32
     Compiling pin-project-lite v0.2.16
     Compiling memchr v2.8.0
     Compiling lock_api v0.4.14
     Compiling futures-task v0.3.32
     Compiling futures-io v0.3.32
     Compiling phf_generator v0.11.3
     Compiling slab v0.4.12
     Compiling mac v0.1.1
     Compiling precomputed-hash v0.1.1
     Compiling zerocopy v0.8.39
     Compiling futures-sink v0.3.32
     Compiling zmij v1.0.21
     Compiling phf_codegen v0.11.3
     Compiling autocfg v1.5.0
     Compiling futf v0.1.5
     Compiling parking_lot v0.12.5
     Compiling thiserror v1.0.69
     Compiling utf-8 v0.7.6
     Compiling serde_json v1.0.149
     Compiling percent-encoding v2.3.2
     Compiling log v0.4.29
     Compiling dtoa v1.0.11
     Compiling form_urlencoded v1.2.2
     Compiling futures-util v0.3.32
     Compiling tendril v0.4.3
     Compiling selectors v0.26.0
     Compiling dtoa-short v0.3.5
     Compiling byteorder v1.5.0
     Compiling wasm-bindgen v0.2.111
     Compiling bytes v1.11.1
     Compiling syn v2.0.117
     Compiling string_cache_codegen v0.5.4
     Compiling num-traits v0.2.19
     Compiling utf8_iter v1.0.4
     Compiling fxhash v0.2.1
     Compiling servo_arc v0.4.3
     Compiling bitflags v2.11.0
     Compiling unicode-width v0.2.2
     Compiling ryu v1.0.23
     Compiling futures-channel v0.3.32
     Compiling tokio v1.49.0
     Compiling ego-tree v0.10.0
     Compiling matchit v0.7.3
     Compiling getopts v0.2.24
     Compiling urlencoding v2.1.3
     Compiling http v1.4.0
     Compiling markup5ever v0.14.1
     Compiling http-body v1.0.1
     Compiling ppv-lite86 v0.2.21
     Compiling wasm-bindgen-macro-support v0.2.111
     Compiling synstructure v0.13.2
     Compiling zerofrom-derive v0.1.6
     Compiling yoke-derive v0.8.1
     Compiling zerovec-derive v0.11.2
     Compiling displaydoc v0.2.5
     Compiling serde_derive v1.0.228
     Compiling phf_macros v0.11.3
     Compiling futures-macro v0.3.32
     Compiling cssparser-macros v0.6.1
     Compiling thiserror-impl v1.0.69
     Compiling match_token v0.1.0
     Compiling pin-project-internal v1.1.10
     Compiling derive_more v0.99.20
     Compiling async-trait v0.1.89
     Compiling phf v0.11.3
  error: failed to remove C:\Users\huyht\Downloads\huynhtu\backend_fresh\target_new\release\deps\displaydoc-e3d881c4dfdbb1ac.7un2sg58gl8sqeyapg5o1w7k1.rcgu.o: The process cannot access the file because it is being used by another process. (os error 32)
  
  error: could not compile `displaydoc` (lib) due to 1 previous error
  warning: build failed, waiting for other jobs to finish...
  error: failed to remove C:\Users\huyht\Downloads\huynhtu\backend_fresh\target_new\release\deps\derive_more-5648aadca08235b0.derive_more.7158e85b79748fa0-cgu.0.rcgu.o: The process cannot access the file because it is being used by another process. (os error 32)
  
  error: could not compile `derive_more` (lib) due to 1 previous error
      at makeError (C:\Users\huyht\AppData\Local\npm-cache\_npx\32026684e21afda6\node_modules\wrangler\wrangler-dist\cli.js:127137:18)
      at handlePromise (C:\Users\huyht\AppData\Local\npm-cache\_npx\32026684e21afda6\node_modules\wrangler\wrangler-dist\cli.js:127604:29)
      at process.processTicksAndRejections (node:internal/process/task_queues:103:5)
      at async runCommand (C:\Users\huyht\AppData\Local\npm-cache\_npx\32026684e21afda6\node_modules\wrangler\wrangler-dist\cli.js:127801:5)
      at async runCustomBuild (C:\Users\huyht\AppData\Local\npm-cache\_npx\32026684e21afda6\node_modules\wrangler\wrangler-dist\cli.js:127814:5)
      at async getEntry (C:\Users\huyht\AppData\Local\npm-cache\_npx\32026684e21afda6\node_modules\wrangler\wrangler-dist\cli.js:218947:3)
      at async Object.handler (C:\Users\huyht\AppData\Local\npm-cache\_npx\32026684e21afda6\node_modules\wrangler\wrangler-dist\cli.js:220004:23)
      at async C:\Users\huyht\AppData\Local\npm-cache\_npx\32026684e21afda6\node_modules\wrangler\wrangler-dist\cli.js:168984:26
      at async Object.handler (C:\Users\huyht\AppData\Local\npm-cache\_npx\32026684e21afda6\node_modules\wrangler\wrangler-dist\cli.js:168933:7) {
    shortMessage: 'Command failed with exit code 101: cargo build --release --target wasm32-unknown-unknown && wasm-bindgen --target bundler target/wasm32-unknown-unknown/release/huynhtu_backend.wasm --out-dir build/worker',
    command: 'cargo build --release --target wasm32-unknown-unknown && wasm-bindgen --target bundler target/wasm32-unknown-unknown/release/huynhtu_backend.wasm --out-dir build/worker',
    escapedCommand: 'cargo build --release --target wasm32-unknown-unknown "&&" wasm-bindgen --target bundler "target/wasm32-unknown-unknown/release/huynhtu_backend.wasm" --out-dir "build/worker"',
    exitCode: 101,
    signal: undefined,
    signalDescription: undefined,
    stdout: '',
    stderr: '   Compiling proc-macro2 v1.0.106\n' +
      '   Compiling unicode-ident v1.0.24\n' +
      '   Compiling quote v1.0.44\n' +
      '   Compiling wasm-bindgen-shared v0.2.111\n' +
      '   Compiling rustversion v1.0.22\n' +
      '   Compiling bumpalo v3.20.2\n' +
      '   Compiling cfg-if v1.0.4\n' +
      '   Compiling stable_deref_trait v1.2.1\n' +
      '   Compiling rand_core v0.6.4\n' +
      '   Compiling siphasher v1.0.2\n' +
      '   Compiling once_cell v1.21.3\n' +
      '   Compiling smallvec v1.15.1\n' +
      '   Compiling serde_core v1.0.228\n' +
      '   Compiling serde v1.0.228\n' +
      '   Compiling itoa v1.0.17\n' +
      '   Compiling litemap v0.8.1\n' +
      '   Compiling writeable v0.6.2\n' +
      '   Compiling rand v0.8.5\n' +
      '   Compiling phf_shared v0.11.3\n' +
      '   Compiling new_debug_unreachable v1.0.6\n' +
      '   Compiling parking_lot_core v0.9.12\n' +
      '   Compiling icu_properties_data v2.1.2\n' +
      '   Compiling icu_normalizer_data v2.1.1\n' +
      '   Compiling scopeguard v1.2.0\n' +
      '   Compiling futures-core v0.3.32\n' +
      '   Compiling pin-project-lite v0.2.16\n' +
      '   Compiling memchr v2.8.0\n' +
      '   Compiling lock_api v0.4.14\n' +
      '   Compiling futures-task v0.3.32\n' +
      '   Compiling futures-io v0.3.32\n' +
      '   Compiling phf_generator v0.11.3\n' +
      '   Compiling slab v0.4.12\n' +
      '   Compiling mac v0.1.1\n' +
      '   Compiling precomputed-hash v0.1.1\n' +
      '   Compiling zerocopy v0.8.39\n' +
      '   Compiling futures-sink v0.3.32\n' +
      '   Compiling zmij v1.0.21\n' +
      '   Compiling phf_codegen v0.11.3\n' +
      '   Compiling autocfg v1.5.0\n' +
      '   Compiling futf v0.1.5\n' +
      '   Compiling parking_lot v0.12.5\n' +
      '   Compiling thiserror v1.0.69\n' +
      '   Compiling utf-8 v0.7.6\n' +
      '   Compiling serde_json v1.0.149\n' +
      '   Compiling percent-encoding v2.3.2\n' +
      '   Compiling log v0.4.29\n' +
      '   Compiling dtoa v1.0.11\n' +
      '   Compiling form_urlencoded v1.2.2\n' +
      '   Compiling futures-util v0.3.32\n' +
      '   Compiling tendril v0.4.3\n' +
      '   Compiling selectors v0.26.0\n' +
      '   Compiling dtoa-short v0.3.5\n' +
      '   Compiling byteorder v1.5.0\n' +
      '   Compiling wasm-bindgen v0.2.111\n' +
      '   Compiling bytes v1.11.1\n' +
      '   Compiling syn v2.0.117\n' +
      '   Compiling string_cache_codegen v0.5.4\n' +
      '   Compiling num-traits v0.2.19\n' +
      '   Compiling utf8_iter v1.0.4\n' +
      '   Compiling fxhash v0.2.1\n' +
      '   Compiling servo_arc v0.4.3\n' +
      '   Compiling bitflags v2.11.0\n' +
      '   Compiling unicode-width v0.2.2\n' +
      '   Compiling ryu v1.0.23\n' +
      '   Compiling futures-channel v0.3.32\n' +
      '   Compiling tokio v1.49.0\n' +
      '   Compiling ego-tree v0.10.0\n' +
      '   Compiling matchit v0.7.3\n' +
      '   Compiling getopts v0.2.24\n' +
      '   Compiling urlencoding v2.1.3\n' +
      '   Compiling http v1.4.0\n' +
      '   Compiling markup5ever v0.14.1\n' +
      '   Compiling http-body v1.0.1\n' +
      '   Compiling ppv-lite86 v0.2.21\n' +
      '   Compiling wasm-bindgen-macro-support v0.2.111\n' +
      '   Compiling synstructure v0.13.2\n' +
      '   Compiling zerofrom-derive v0.1.6\n' +
      '   Compiling yoke-derive v0.8.1\n' +
      '   Compiling zerovec-derive v0.11.2\n' +
      '   Compiling displaydoc v0.2.5\n' +
      '   Compiling serde_derive v1.0.228\n' +
      '   Compiling phf_macros v0.11.3\n' +
      '   Compiling futures-macro v0.3.32\n' +
      '   Compiling cssparser-macros v0.6.1\n' +
      '   Compiling thiserror-impl v1.0.69\n' +
      '   Compiling match_token v0.1.0\n' +
      '   Compiling pin-project-internal v1.1.10\n' +
      '   Compiling derive_more v0.99.20\n' +
      '   Compiling async-trait v0.1.89\n' +
      '   Compiling phf v0.11.3\n' +
      'error: failed to remove C:\\Users\\huyht\\Downloads\\huynhtu\\backend_fresh\\target_new\\release\\deps\\displaydoc-e3d881c4dfdbb1ac.7un2sg58gl8sqeyapg5o1w7k1.rcgu.o: The process cannot access the file because it is being used by another process. (os error 32)\n' +
      '\n' +
      'error: could not compile `displaydoc` (lib) due to 1 previous error\n' +
      'warning: build failed, waiting for other jobs to finish...\n' +
      'error: failed to remove C:\\Users\\huyht\\Downloads\\huynhtu\\backend_fresh\\target_new\\release\\deps\\derive_more-5648aadca08235b0.derive_more.7158e85b79748fa0-cgu.0.rcgu.o: The process cannot access the file because it is being used by another process. (os error 32)\n' +
      '\n' +
      'error: could not compile `derive_more` (lib) due to 1 previous error',
    failed: true,
    timedOut: false,
    isCanceled: false,
    killed: false
  }



X [ERROR] Running custom build `cargo build --release --target wasm32-unknown-unknown && wasm-bindgen --target bundler target/wasm32-unknown-unknown/release/huynhtu_backend.wasm --out-dir build/worker` failed. There are likely more logs from your build command above.


≡ƒ¬╡  Logs were written to "C:\Users\huyht\AppData\Roaming\xdg.config\.wrangler\logs\wrangler-2026-02-24_06-41-07_918.log"
